<?xml version="1.0" encoding="UTF-8"?>
<testng-results ignored="0" total="1" passed="1" failed="0" skipped="0">
  <reporter-output>
  </reporter-output>
  <suite started-at="2023-08-25T14:34:58 IST" name="Default suite" finished-at="2023-08-25T14:35:01 IST" duration-ms="3108">
    <groups>
    </groups>
    <test started-at="2023-08-25T14:34:58 IST" name="Default test" finished-at="2023-08-25T14:35:01 IST" duration-ms="3108">
      <class name="Test_Get_Post">
        <test-method signature="test_Post()[pri:0, instance:Test_Get_Post@2e55dd0c]" started-at="2023-08-25T14:34:58 IST" name="test_Post" finished-at="2023-08-25T14:35:01 IST" duration-ms="3068" status="PASS">
          <reporter-output>
          </reporter-output>
        </test-method> <!-- test_Post -->
      </class> <!-- Test_Get_Post -->
    </test> <!-- Default test -->
  </suite> <!-- Default suite -->
</testng-results>
